<?xml version="1.0" encoding="UTF-8"?>
<!-- Generated by org.testng.reporters.JUnitReportReporter -->
<testsuite hostname="DESKTOP-2GA0MMH" failures="0" tests="1" name="Tests.LoginTest" time="0.010" errors="0" timestamp="2024-05-19T12:50:41 IST" skipped="0">
  <testcase classname="Tests.LoginTest" name="testLogin" time="0.010"/>
  <system-out/>
</testsuite> <!-- Tests.LoginTest -->
