<?xml version="1.0" encoding="UTF-8"?>
<!-- Generated by org.testng.reporters.JUnitReportReporter -->
<testsuite hostname="DESKTOP-2GA0MMH" failures="0" tests="1" name="Tests.TC001_LoginTest" time="0.009" errors="0" timestamp="2024-05-21T23:08:39 IST" skipped="0">
  <testcase classname="Tests.TC001_LoginTest" name="testLogin" time="0.009"/>
  <system-out/>
</testsuite> <!-- Tests.TC001_LoginTest -->
