<?xml version="1.0" encoding="UTF-8"?>
<!-- Generated by org.testng.reporters.JUnitReportReporter -->
<testsuite hostname="DESKTOP-2GA0MMH" failures="0" tests="1" name="Tests.TC005_ButtonsTest" time="8.997" errors="0" timestamp="2024-05-21T22:55:35 IST" skipped="0">
  <testcase classname="Tests.TC005_ButtonsTest" name="buttonsTests" time="8.997"/>
  <system-out/>
</testsuite> <!-- Tests.TC005_ButtonsTest -->
